2025-07-16 14:28:44.467+0000 INFO  Logging config in use: File '/var/lib/neo4j/conf/user-logs.xml'
2025-07-16 14:28:44.475+0000 INFO  Starting...
2025-07-16 14:28:44.957+0000 INFO  This instance is ServerId{61d8c8f1} (61d8c8f1-8d45-4d04-a59b-91d8b654f546)
2025-07-16 14:28:45.504+0000 INFO  ======== Neo4j 5.25.1 ========
2025-07-16 14:28:47.731+0000 INFO  Anonymous Usage Data is being sent to Neo4j, see https://neo4j.com/docs/usage-data/
2025-07-16 14:28:48.040+0000 INFO  Bolt enabled on 0.0.0.0:7687.
2025-07-16 14:28:48.409+0000 INFO  HTTP enabled on 0.0.0.0:7474.
2025-07-16 14:28:48.410+0000 INFO  Remote interface available at http://localhost:7474/
2025-07-16 14:28:48.412+0000 INFO  id: BB634DCBD6BB1E98F65E997CEA552A7C6DDAD0C97791336D596BB555242F5E94
2025-07-16 14:28:48.412+0000 INFO  name: system
2025-07-16 14:28:48.412+0000 INFO  creationDate: 2025-07-16T14:28:46.188Z
2025-07-16 14:28:48.413+0000 INFO  Started.
2025-07-16 18:08:23.806+0000 INFO  Logging config in use: File '/var/lib/neo4j/conf/user-logs.xml'
2025-07-16 18:08:23.816+0000 INFO  Starting...
2025-07-16 18:08:24.297+0000 INFO  This instance is ServerId{61d8c8f1} (61d8c8f1-8d45-4d04-a59b-91d8b654f546)
2025-07-16 18:08:24.990+0000 INFO  ======== Neo4j 5.25.1 ========
2025-07-16 18:08:26.615+0000 INFO  Anonymous Usage Data is being sent to Neo4j, see https://neo4j.com/docs/usage-data/
2025-07-16 18:08:26.702+0000 INFO  Bolt enabled on 0.0.0.0:7687.
2025-07-16 18:08:27.090+0000 INFO  HTTP enabled on 0.0.0.0:7474.
2025-07-16 18:08:27.091+0000 INFO  Remote interface available at http://localhost:7474/
2025-07-16 18:08:27.093+0000 INFO  id: BB634DCBD6BB1E98F65E997CEA552A7C6DDAD0C97791336D596BB555242F5E94
2025-07-16 18:08:27.093+0000 INFO  name: system
2025-07-16 18:08:27.094+0000 INFO  creationDate: 2025-07-16T14:28:46.188Z
2025-07-16 18:08:27.094+0000 INFO  Started.
2025-07-17 16:49:02.817+0000 ERROR Client triggered an unexpected error [Neo.DatabaseError.Schema.ConstraintCreationFailed]: Unable to create Constraint( name='entity_id', type='UNIQUENESS', schema=(:Entity {id}) ):
Both Node(335) and Node(341) have the label `Entity` and property `id` = 'Partner Role Model Disillusionment'. Note that only the first found violation is shown., reference e7d036fc-f067-4a95-bbf0-6068f31a6c30.
2025-07-17 16:58:34.701+0000 ERROR Client triggered an unexpected error [Neo.DatabaseError.Schema.ConstraintCreationFailed]: Unable to create Constraint( name='entity_id', type='UNIQUENESS', schema=(:Entity {id}) ):
Both Node(335) and Node(341) have the label `Entity` and property `id` = 'Partner Role Model Disillusionment'. Note that only the first found violation is shown., reference 31495b29-1a54-440a-8e7c-1ba262e8b85f.
2025-07-17 17:03:51.476+0000 ERROR Client triggered an unexpected error [Neo.DatabaseError.Schema.ConstraintCreationFailed]: Unable to create Constraint( name='entity_id', type='UNIQUENESS', schema=(:Entity {id}) ):
Both Node(335) and Node(341) have the label `Entity` and property `id` = 'Partner Role Model Disillusionment'. Note that only the first found violation is shown., reference cea4f6cd-2e14-4e74-827d-c411eea19656.
2025-07-18 22:49:05.962+0000 INFO  Neo4j Server shutdown initiated by request
2025-07-18 22:49:05.964+0000 INFO  Stopping...
2025-07-18 22:49:11.340+0000 INFO  Stopped.
